<?xml version="1.0" encoding="UTF-8"?>
<!-- Generated by org.testng.reporters.JUnitXMLReporter -->
<testsuite hostname="DESKTOP-AL9GHFP" ignored="0" name="Default test(failed)" tests="1" failures="1" timestamp="30 Jul 2019 07:53:59 GMT" time="16.173" errors="0">
  <testcase name="VeirfyCountyDropdownTest" time="0.012" classname="com.campus.qa.testcases.PlaceOrderAsRegisteredUserTest">
    <failure type="java.lang.NullPointerException">
      <![CDATA[java.lang.NullPointerException
	at com.campus.qa.testcases.PlaceOrderAsRegisteredUserTest.VeirfyCountyDropdownTest(PlaceOrderAsRegisteredUserTest.java:33)
... Removed 25 stack frames]]>
    </failure>
  </testcase> <!-- VeirfyCountyDropdownTest -->
</testsuite> <!-- Default test(failed) -->
