<?xml version="1.0" encoding="UTF-8"?>
<!-- Generated by org.testng.reporters.JUnitXMLReporter -->
<testsuite hostname="DESKTOP-AL9GHFP" ignored="0" name="Default test" tests="2" failures="0" timestamp="09 Sep 2019 15:13:22 GMT" time="460.611" errors="0">
  <testcase name="ToPlaceOrderAsUnRegisteredUserTest" time="214.815" classname="com.campus.qa.testcases.PlaceOrderAsRegisteredUserTest"/>
  <testcase name="ToPlaceAnOrderAsRegisteredUser" time="209.505" classname="com.campus.qa.testcases.PlaceOrderAsRegisteredUserTest"/>
</testsuite> <!-- Default test -->
