<?xml version="1.0" encoding="UTF-8"?>
<testsuite xmlns:xsi="http://www.w3.org/2001/XMLSchema-instance" xsi:noNamespaceSchemaLocation="https://maven.apache.org/surefire/maven-surefire-plugin/xsd/surefire-test-report.xsd" name="TestSuite" time="743.805" tests="14" errors="0" skipped="0" failures="5">
  <properties>
[...]
</properties>
  <testcase name="VerifyloginPageTitleTest" classname="com.campus.qa.testcases.LoginPageTest" time="2.203">
    <failure message="expected [Order Heating Oil Online Buy Heating Oil Ireland] but found [Order Home Heating Oil Online Buy Heating Oil Ireland]" type="java.lang.AssertionError">java.lang.AssertionError: expected [Order Heating Oil Online Buy Heating Oil Ireland] but found [Order Home Heating Oil Online Buy Heating Oil Ireland]
	at com.campus.qa.testcases.LoginPageTest.VerifyloginPageTitleTest(LoginPageTest.java:53)
</failure>
    <system-out><![CDATA[&amp#27;[1;94m****HomePage Test Started****&amp#27;[0m
&amp#27;[0;103m&amp#27;[1;31m****************************************************************\n                 CAMPUS OIL TEST AUTOMATION SUITE STARTED
****************************************************************&amp#27;[0m
&amp#27;[4;32mI am in onStart method Automated Test Run&amp#27;[0m
&amp#27;[4;32mI am in onStart method Automated Test Run&amp#27;[0m
Intialization testnull
org.openqa.selenium.support.events.EventFiringWebDriver@2e869098
&amp#27;[1;95mBefore navigating to: 'https://campusoil.awebdigital.co/'&amp#27;[0m
&amp#27;[1;95mNavigated to:'https://campusoil.awebdigital.co/'&amp#27;[0m
Intialization test 2org.openqa.selenium.support.events.EventFiringWebDriver@2e869098
&amp#27;[1;94m****LoginPage Test Started****&amp#27;[0m
&amp#27;[1;90mI am in onTestStart method VerifyloginPageTitleTest start&amp#27;[0m
&amp#27;[1;90mI am in onTestStart method VerifyloginPageTitleTest start&amp#27;[0m
&amp#27;[1;94m****Verify the login page title Test****&amp#27;[0m
&amp#27;[4;31mI am in onTestFailure method VerifyloginPageTitleTest failed&amp#27;[0m
&amp#27;[1;91mScreenshot captured for test case:VerifyloginPageTitleTest&amp#27;[0m
]]></system-out>
    <system-err><![CDATA[Starting ChromeDriver 75.0.3770.90 (a6dcaf7e3ec6f70a194cc25e8149475c6590e025-refs/branch-heads/3770@{#1003}) on port 41905
Only local connections are allowed.
Please protect ports used by ChromeDriver and related test frameworks to prevent access by malicious code.
[1568182474.614][WARNING]: This version of ChromeDriver has not been tested with Chrome version 76.
Sep 11, 2019 11:44:36 AM org.openqa.selenium.remote.ProtocolHandshake createSession
INFO: Detected dialect: W3C
]]></system-err>
  </testcase>
  <testcase name="verifyLogoTest" classname="com.campus.qa.testcases.HomePageTest" time="0.758"/>
  <testcase name="ToPlaceOrderAsUnRegisteredUserTest" classname="com.campus.qa.testcases.PlaceOrderAsRegisteredUserTest" time="221.546"/>
  <testcase name="VerifycampusLogoTest" classname="com.campus.qa.testcases.LoginPageTest" time="1.863">
    <failure message="expected [true] but found [false]" type="java.lang.AssertionError">java.lang.AssertionError: expected [true] but found [false]
	at com.campus.qa.testcases.LoginPageTest.VerifycampusLogoTest(LoginPageTest.java:60)
</failure>
    <system-out><![CDATA[&amp#27;[0;102mI am in onTestSuccess method ToPlaceOrderAsUnRegisteredUserTest succeed&amp#27;[0m
&amp#27;[1;92m*****Test Completed and quitting the browser****&amp#27;[0m
Intialization testorg.openqa.selenium.support.events.EventFiringWebDriver@78b0ec3a
org.openqa.selenium.support.events.EventFiringWebDriver@56554365
&amp#27;[1;95mBefore navigating to: 'https://campusoil.awebdigital.co/'&amp#27;[0m
&amp#27;[1;95mNavigated to:'https://campusoil.awebdigital.co/'&amp#27;[0m
Intialization test 2org.openqa.selenium.support.events.EventFiringWebDriver@56554365
&amp#27;[1;94m****LoginPage Test Started****&amp#27;[0m
&amp#27;[1;90mI am in onTestStart method VerifycampusLogoTest start&amp#27;[0m
&amp#27;[1;90mI am in onTestStart method VerifycampusLogoTest start&amp#27;[0m
&amp#27;[1;94m****Verify the campus logo Test****&amp#27;[0m
&amp#27;[1;95mTrying to find Element By : By.xpath: //div[@class='logo']//a//img&amp#27;[0m
&amp#27;[1;95mFound Element By : By.xpath: //div[@class='logo']//a//img&amp#27;[0m
&amp#27;[4;31mI am in onTestFailure method VerifycampusLogoTest failed&amp#27;[0m
&amp#27;[1;91mScreenshot captured for test case:VerifycampusLogoTest&amp#27;[0m
]]></system-out>
    <system-err><![CDATA[Starting ChromeDriver 75.0.3770.90 (a6dcaf7e3ec6f70a194cc25e8149475c6590e025-refs/branch-heads/3770@{#1003}) on port 45068
Only local connections are allowed.
Please protect ports used by ChromeDriver and related test frameworks to prevent access by malicious code.
[1568182764.678][WARNING]: This version of ChromeDriver has not been tested with Chrome version 76.
Sep 11, 2019 11:49:25 AM org.openqa.selenium.remote.ProtocolHandshake createSession
INFO: Detected dialect: W3C
]]></system-err>
  </testcase>
  <testcase name="verifyHomepageLinks" classname="com.campus.qa.testcases.HomePageTest" time="0.853"/>
  <testcase name="ToPlaceAnOrderAsRegisteredUser" classname="com.campus.qa.testcases.PlaceOrderAsRegisteredUserTest" time="212.315"/>
  <testcase name="VerifyclickLoginnowTest" classname="com.campus.qa.testcases.LoginPageTest" time="23.426">
    <failure message="element not interactable&#10;  (Session info: chrome=76.0.3809.132)&#10;Build info: version: &apos;3.14.0&apos;, revision: &apos;aacccce0&apos;, time: &apos;2018-08-02T20:19:58.91Z&apos;&#10;System info: host: &apos;DESKTOP-AL9GHFP&apos;, ip: &apos;10.0.75.1&apos;, os.name: &apos;Windows 10&apos;, os.arch: &apos;amd64&apos;, os.version: &apos;10.0&apos;, java.version: &apos;1.8.0_221&apos;&#10;Driver info: org.openqa.selenium.chrome.ChromeDriver&#10;Capabilities {acceptInsecureCerts: false, browserName: chrome, browserVersion: 76.0.3809.132, chrome: {chromedriverVersion: 75.0.3770.90 (a6dcaf7e3ec6f..., userDataDir: C:\Users\dell\AppData\Local...}, goog:chromeOptions: {debuggerAddress: localhost:55507}, javascriptEnabled: true, networkConnectionEnabled: false, pageLoadStrategy: normal, platform: XP, platformName: XP, proxy: Proxy(), setWindowRect: true, strictFileInteractability: false, timeouts: {implicit: 0, pageLoad: 300000, script: 30000}, unhandledPromptBehavior: dismiss and notify}&#10;Session ID: d123affeb89466d4c64c0c6022e56215" type="org.openqa.selenium.ElementNotInteractableException">org.openqa.selenium.ElementNotInteractableException: 
element not interactable
  (Session info: chrome=76.0.3809.132)
Build info: version: '3.14.0', revision: 'aacccce0', time: '2018-08-02T20:19:58.91Z'
System info: host: 'DESKTOP-AL9GHFP', ip: '10.0.75.1', os.name: 'Windows 10', os.arch: 'amd64', os.version: '10.0', java.version: '1.8.0_221'
Driver info: org.openqa.selenium.chrome.ChromeDriver
Capabilities {acceptInsecureCerts: false, browserName: chrome, browserVersion: 76.0.3809.132, chrome: {chromedriverVersion: 75.0.3770.90 (a6dcaf7e3ec6f..., userDataDir: C:\Users\dell\AppData\Local...}, goog:chromeOptions: {debuggerAddress: localhost:55507}, javascriptEnabled: true, networkConnectionEnabled: false, pageLoadStrategy: normal, platform: XP, platformName: XP, proxy: Proxy(), setWindowRect: true, strictFileInteractability: false, timeouts: {implicit: 0, pageLoad: 300000, script: 30000}, unhandledPromptBehavior: dismiss and notify}
Session ID: d123affeb89466d4c64c0c6022e56215
	at com.campus.qa.testcases.LoginPageTest.VerifyclickLoginnowTest(LoginPageTest.java:66)
</failure>
    <system-out><![CDATA[&amp#27;[0;102mI am in onTestSuccess method ToPlaceAnOrderAsRegisteredUser succeed&amp#27;[0m
&amp#27;[1;92m*****Test Completed and quitting the browser****&amp#27;[0m
Intialization testorg.openqa.selenium.support.events.EventFiringWebDriver@70ad0854
org.openqa.selenium.support.events.EventFiringWebDriver@3d2ff73a
&amp#27;[1;95mBefore navigating to: 'https://campusoil.awebdigital.co/'&amp#27;[0m
&amp#27;[1;95mNavigated to:'https://campusoil.awebdigital.co/'&amp#27;[0m
Intialization test 2org.openqa.selenium.support.events.EventFiringWebDriver@3d2ff73a
&amp#27;[1;94m****LoginPage Test Started****&amp#27;[0m
&amp#27;[1;90mI am in onTestStart method VerifyclickLoginnowTest start&amp#27;[0m
&amp#27;[1;90mI am in onTestStart method VerifyclickLoginnowTest start&amp#27;[0m
&amp#27;[1;94m****Verify the login button Test****&amp#27;[0m
&amp#27;[1;95mTrying to find Element By : By.xpath: //div[@class='main-menu desktop']//a[contains(text(),'Login')]&amp#27;[0m
&amp#27;[1;95mFound Element By : By.xpath: //div[@class='main-menu desktop']//a[contains(text(),'Login')]&amp#27;[0m
&amp#27;[1;95mTrying to click on: [[ChromeDriver: chrome on XP (d123affeb89466d4c64c0c6022e56215)] -> xpath: //div[@class='main-menu desktop']//a[contains(text(),'Login')]]&amp#27;[0m
&amp#27;[1;91mException occured: org.openqa.selenium.ElementNotInteractableException: element not interactable
  (Session info: chrome=76.0.3809.132)
Build info: version: '3.14.0', revision: 'aacccce0', time: '2018-08-02T20:19:58.91Z'
System info: host: 'DESKTOP-AL9GHFP', ip: '10.0.75.1', os.name: 'Windows 10', os.arch: 'amd64', os.version: '10.0', java.version: '1.8.0_221'
Driver info: org.openqa.selenium.chrome.ChromeDriver
Capabilities {acceptInsecureCerts: false, browserName: chrome, browserVersion: 76.0.3809.132, chrome: {chromedriverVersion: 75.0.3770.90 (a6dcaf7e3ec6f..., userDataDir: C:\Users\dell\AppData\Local...}, goog:chromeOptions: {debuggerAddress: localhost:55507}, javascriptEnabled: true, networkConnectionEnabled: false, pageLoadStrategy: normal, platform: XP, platformName: XP, proxy: Proxy(), setWindowRect: true, strictFileInteractability: false, timeouts: {implicit: 0, pageLoad: 300000, script: 30000}, unhandledPromptBehavior: dismiss and notify}
Session ID: d123affeb89466d4c64c0c6022e56215&amp#27;[0m
&amp#27;[1;91mTook Screenshot of error  &amp#27;[0m
&amp#27;[4;31mI am in onTestFailure method VerifyclickLoginnowTest failed&amp#27;[0m
&amp#27;[1;91mScreenshot captured for test case:VerifyclickLoginnowTest&amp#27;[0m
]]></system-out>
    <system-err><![CDATA[Starting ChromeDriver 75.0.3770.90 (a6dcaf7e3ec6f70a194cc25e8149475c6590e025-refs/branch-heads/3770@{#1003}) on port 13911
Only local connections are allowed.
Please protect ports used by ChromeDriver and related test frameworks to prevent access by malicious code.
[1568183021.318][WARNING]: This version of ChromeDriver has not been tested with Chrome version 76.
Sep 11, 2019 11:53:42 AM org.openqa.selenium.remote.ProtocolHandshake createSession
INFO: Detected dialect: W3C
]]></system-err>
  </testcase>
  <testcase name="verifyPageHeaderBannerLinks" classname="com.campus.qa.testcases.HomePageTest" time="0.179"/>
  <testcase name="VerifyloginTest" classname="com.campus.qa.testcases.LoginPageTest" time="23.93">
    <failure message="element not interactable&#10;  (Session info: chrome=76.0.3809.132)&#10;Build info: version: &apos;3.14.0&apos;, revision: &apos;aacccce0&apos;, time: &apos;2018-08-02T20:19:58.91Z&apos;&#10;System info: host: &apos;DESKTOP-AL9GHFP&apos;, ip: &apos;10.0.75.1&apos;, os.name: &apos;Windows 10&apos;, os.arch: &apos;amd64&apos;, os.version: &apos;10.0&apos;, java.version: &apos;1.8.0_221&apos;&#10;Driver info: org.openqa.selenium.chrome.ChromeDriver&#10;Capabilities {acceptInsecureCerts: false, browserName: chrome, browserVersion: 76.0.3809.132, chrome: {chromedriverVersion: 75.0.3770.90 (a6dcaf7e3ec6f..., userDataDir: C:\Users\dell\AppData\Local...}, goog:chromeOptions: {debuggerAddress: localhost:55610}, javascriptEnabled: true, networkConnectionEnabled: false, pageLoadStrategy: normal, platform: XP, platformName: XP, proxy: Proxy(), setWindowRect: true, strictFileInteractability: false, timeouts: {implicit: 0, pageLoad: 300000, script: 30000}, unhandledPromptBehavior: dismiss and notify}&#10;Session ID: 6c6e7bc0f35d6433072fda1b40784811" type="org.openqa.selenium.ElementNotInteractableException">org.openqa.selenium.ElementNotInteractableException: 
element not interactable
  (Session info: chrome=76.0.3809.132)
Build info: version: '3.14.0', revision: 'aacccce0', time: '2018-08-02T20:19:58.91Z'
System info: host: 'DESKTOP-AL9GHFP', ip: '10.0.75.1', os.name: 'Windows 10', os.arch: 'amd64', os.version: '10.0', java.version: '1.8.0_221'
Driver info: org.openqa.selenium.chrome.ChromeDriver
Capabilities {acceptInsecureCerts: false, browserName: chrome, browserVersion: 76.0.3809.132, chrome: {chromedriverVersion: 75.0.3770.90 (a6dcaf7e3ec6f..., userDataDir: C:\Users\dell\AppData\Local...}, goog:chromeOptions: {debuggerAddress: localhost:55610}, javascriptEnabled: true, networkConnectionEnabled: false, pageLoadStrategy: normal, platform: XP, platformName: XP, proxy: Proxy(), setWindowRect: true, strictFileInteractability: false, timeouts: {implicit: 0, pageLoad: 300000, script: 30000}, unhandledPromptBehavior: dismiss and notify}
Session ID: 6c6e7bc0f35d6433072fda1b40784811
	at com.campus.qa.testcases.LoginPageTest.VerifyloginTest(LoginPageTest.java:73)
</failure>
    <system-out><![CDATA[&amp#27;[0;102mI am in onTestSuccess method verifyPageHeaderBannerLinks succeed&amp#27;[0m
&amp#27;[1;94m****Quitting the browser****&amp#27;[0m
Intialization testorg.openqa.selenium.support.events.EventFiringWebDriver@35a2ea5a
org.openqa.selenium.support.events.EventFiringWebDriver@92775a3
&amp#27;[1;95mBefore navigating to: 'https://campusoil.awebdigital.co/'&amp#27;[0m
&amp#27;[1;95mNavigated to:'https://campusoil.awebdigital.co/'&amp#27;[0m
Intialization test 2org.openqa.selenium.support.events.EventFiringWebDriver@92775a3
&amp#27;[1;94m****LoginPage Test Started****&amp#27;[0m
&amp#27;[1;90mI am in onTestStart method VerifyloginTest start&amp#27;[0m
&amp#27;[1;90mI am in onTestStart method VerifyloginTest start&amp#27;[0m
&amp#27;[1;94m****Verify the login into website Test****&amp#27;[0m
&amp#27;[1;95mTrying to find Element By : By.xpath: //div[@class='main-menu desktop']//a[contains(text(),'Login')]&amp#27;[0m
&amp#27;[1;95mFound Element By : By.xpath: //div[@class='main-menu desktop']//a[contains(text(),'Login')]&amp#27;[0m
&amp#27;[1;95mTrying to click on: [[ChromeDriver: chrome on XP (6c6e7bc0f35d6433072fda1b40784811)] -> xpath: //div[@class='main-menu desktop']//a[contains(text(),'Login')]]&amp#27;[0m
&amp#27;[1;91mException occured: org.openqa.selenium.ElementNotInteractableException: element not interactable
  (Session info: chrome=76.0.3809.132)
Build info: version: '3.14.0', revision: 'aacccce0', time: '2018-08-02T20:19:58.91Z'
System info: host: 'DESKTOP-AL9GHFP', ip: '10.0.75.1', os.name: 'Windows 10', os.arch: 'amd64', os.version: '10.0', java.version: '1.8.0_221'
Driver info: org.openqa.selenium.chrome.ChromeDriver
Capabilities {acceptInsecureCerts: false, browserName: chrome, browserVersion: 76.0.3809.132, chrome: {chromedriverVersion: 75.0.3770.90 (a6dcaf7e3ec6f..., userDataDir: C:\Users\dell\AppData\Local...}, goog:chromeOptions: {debuggerAddress: localhost:55610}, javascriptEnabled: true, networkConnectionEnabled: false, pageLoadStrategy: normal, platform: XP, platformName: XP, proxy: Proxy(), setWindowRect: true, strictFileInteractability: false, timeouts: {implicit: 0, pageLoad: 300000, script: 30000}, unhandledPromptBehavior: dismiss and notify}
Session ID: 6c6e7bc0f35d6433072fda1b40784811&amp#27;[0m
&amp#27;[1;91mTook Screenshot of error  &amp#27;[0m
&amp#27;[4;31mI am in onTestFailure method VerifyloginTest failed&amp#27;[0m
&amp#27;[1;91mScreenshot captured for test case:VerifyloginTest&amp#27;[0m
]]></system-out>
    <system-err><![CDATA[Starting ChromeDriver 75.0.3770.90 (a6dcaf7e3ec6f70a194cc25e8149475c6590e025-refs/branch-heads/3770@{#1003}) on port 43897
Only local connections are allowed.
Please protect ports used by ChromeDriver and related test frameworks to prevent access by malicious code.
[1568183075.256][WARNING]: This version of ChromeDriver has not been tested with Chrome version 76.
Sep 11, 2019 11:54:36 AM org.openqa.selenium.remote.ProtocolHandshake createSession
INFO: Detected dialect: W3C
]]></system-err>
  </testcase>
  <testcase name="verifyPageFooterLogoTest" classname="com.campus.qa.testcases.HomePageTest" time="0.169"/>
  <testcase name="verifyTitle" classname="com.campus.qa.testcases.HomePageTest" time="1.944">
    <failure message="expected [Order Heating Oil Online Buy Heating Oil Ireland] but found [Order Home Heating Oil Online Buy Heating Oil Ireland]" type="java.lang.AssertionError">java.lang.AssertionError: expected [Order Heating Oil Online Buy Heating Oil Ireland] but found [Order Home Heating Oil Online Buy Heating Oil Ireland]
	at com.campus.qa.testcases.HomePageTest.verifyTitle(HomePageTest.java:66)
</failure>
    <system-out><![CDATA[&amp#27;[0;102mI am in onTestSuccess method verifyPageFooterLogoTest succeed&amp#27;[0m
&amp#27;[1;94m****Quitting the browser****&amp#27;[0m
org.openqa.selenium.support.events.EventFiringWebDriver@e30a8ef
&amp#27;[1;95mBefore navigating to: 'https://campusoil.awebdigital.co/'&amp#27;[0m
&amp#27;[1;95mNavigated to:'https://campusoil.awebdigital.co/'&amp#27;[0m
&amp#27;[1;90mI am in onTestStart method verifyTitle start&amp#27;[0m
&amp#27;[1;90mI am in onTestStart method verifyTitle start&amp#27;[0m
&amp#27;[1;94m****Verifying the tile of campus oil Test****&amp#27;[0m
&amp#27;[4;31mI am in onTestFailure method verifyTitle failed&amp#27;[0m
&amp#27;[1;91mScreenshot captured for test case:verifyTitle&amp#27;[0m
]]></system-out>
    <system-err><![CDATA[Starting ChromeDriver 75.0.3770.90 (a6dcaf7e3ec6f70a194cc25e8149475c6590e025-refs/branch-heads/3770@{#1003}) on port 4930
Only local connections are allowed.
Please protect ports used by ChromeDriver and related test frameworks to prevent access by malicious code.
[1568183124.346][WARNING]: This version of ChromeDriver has not been tested with Chrome version 76.
Sep 11, 2019 11:55:25 AM org.openqa.selenium.remote.ProtocolHandshake createSession
INFO: Detected dialect: W3C
]]></system-err>
  </testcase>
  <testcase name="verifyAboutUSLinkTest" classname="com.campus.qa.testcases.HomePageTest" time="2.189"/>
  <testcase name="verifyNewsLinkTest" classname="com.campus.qa.testcases.HomePageTest" time="2.332"/>
  <testcase name="verifyOrderFormpageLinkTest" classname="com.campus.qa.testcases.HomePageTest" time="2.159"/>
</testsuite>