<?xml version="1.0" encoding="UTF-8"?>
<testsuite xmlns:xsi="http://www.w3.org/2001/XMLSchema-instance" xsi:noNamespaceSchemaLocation="https://maven.apache.org/surefire/maven-surefire-plugin/xsd/surefire-test-report.xsd" name="TestSuite" time="83.661" tests="1" errors="0" skipped="0" failures="1">
  <properties>
[...]
</properties>
  <testcase name="ToPlaceAnOrderAsRegisteredUser" classname="com.campus.qa.testcases.PlaceOrderAsRegisteredUserTest" time="43.42">
    <failure message="no such element: Unable to locate element: {&quot;method&quot;:&quot;xpath&quot;,&quot;selector&quot;:&quot;//div[@class=&apos;woo-login-popup-sc-left&apos;]//div[@id=&apos;woo-login-popup-sc-login&apos;]//form//p[1]//input[@name=&apos;username&apos;]&quot;}&#10;  (Session info: chrome=76.0.3809.132)&#10;For documentation on this error, please visit: http://seleniumhq.org/exceptions/no_such_element.html&#10;Build info: version: &apos;3.14.0&apos;, revision: &apos;aacccce0&apos;, time: &apos;2018-08-02T20:19:58.91Z&apos;&#10;System info: host: &apos;DESKTOP-AL9GHFP&apos;, ip: &apos;10.0.75.1&apos;, os.name: &apos;Windows 10&apos;, os.arch: &apos;amd64&apos;, os.version: &apos;10.0&apos;, java.version: &apos;1.8.0_221&apos;&#10;Driver info: org.openqa.selenium.chrome.ChromeDriver&#10;Capabilities {acceptInsecureCerts: false, browserName: chrome, browserVersion: 76.0.3809.132, chrome: {chromedriverVersion: 75.0.3770.90 (a6dcaf7e3ec6f..., userDataDir: C:\Users\dell\AppData\Local...}, goog:chromeOptions: {debuggerAddress: localhost:56657}, javascriptEnabled: true, networkConnectionEnabled: false, pageLoadStrategy: normal, platform: XP, platformName: XP, proxy: Proxy(), setWindowRect: true, strictFileInteractability: false, timeouts: {implicit: 0, pageLoad: 300000, script: 30000}, unhandledPromptBehavior: dismiss and notify}&#10;Session ID: b84928c0f7aa08a4210b6bd0bc126e06&#10;*** Element info: {Using=xpath, value=//div[@class=&apos;woo-login-popup-sc-left&apos;]//div[@id=&apos;woo-login-popup-sc-login&apos;]//form//p[1]//input[@name=&apos;username&apos;]}" type="org.openqa.selenium.NoSuchElementException">org.openqa.selenium.NoSuchElementException: 
no such element: Unable to locate element: {"method":"xpath","selector":"//div[@class='woo-login-popup-sc-left']//div[@id='woo-login-popup-sc-login']//form//p[1]//input[@name='username']"}
  (Session info: chrome=76.0.3809.132)
For documentation on this error, please visit: http://seleniumhq.org/exceptions/no_such_element.html
Build info: version: '3.14.0', revision: 'aacccce0', time: '2018-08-02T20:19:58.91Z'
System info: host: 'DESKTOP-AL9GHFP', ip: '10.0.75.1', os.name: 'Windows 10', os.arch: 'amd64', os.version: '10.0', java.version: '1.8.0_221'
Driver info: org.openqa.selenium.chrome.ChromeDriver
Capabilities {acceptInsecureCerts: false, browserName: chrome, browserVersion: 76.0.3809.132, chrome: {chromedriverVersion: 75.0.3770.90 (a6dcaf7e3ec6f..., userDataDir: C:\Users\dell\AppData\Local...}, goog:chromeOptions: {debuggerAddress: localhost:56657}, javascriptEnabled: true, networkConnectionEnabled: false, pageLoadStrategy: normal, platform: XP, platformName: XP, proxy: Proxy(), setWindowRect: true, strictFileInteractability: false, timeouts: {implicit: 0, pageLoad: 300000, script: 30000}, unhandledPromptBehavior: dismiss and notify}
Session ID: b84928c0f7aa08a4210b6bd0bc126e06
*** Element info: {Using=xpath, value=//div[@class='woo-login-popup-sc-left']//div[@id='woo-login-popup-sc-login']//form//p[1]//input[@name='username']}
	at com.campus.qa.testcases.PlaceOrderAsRegisteredUserTest.ToPlaceAnOrderAsRegisteredUser(PlaceOrderAsRegisteredUserTest.java:173)
</failure>
    <system-out><![CDATA[&amp#27;[4;32mI am in onStart method Automated Test Run&amp#27;[0m
&amp#27;[4;32mI am in onStart method Automated Test Run&amp#27;[0m
org.openqa.selenium.support.events.EventFiringWebDriver@2a87ba34
&amp#27;[1;95mBefore navigating to: 'https://campusoil.awebdigital.co/'&amp#27;[0m
&amp#27;[1;95mNavigated to:'https://campusoil.awebdigital.co/'&amp#27;[0m
&amp#27;[1;92m*****Test for placing Order as Registered and UnRegistered Users both is intialized****&amp#27;[0m
&amp#27;[1;90mI am in onTestStart method ToPlaceAnOrderAsRegisteredUser start&amp#27;[0m
&amp#27;[1;90mI am in onTestStart method ToPlaceAnOrderAsRegisteredUser start&amp#27;[0m
&amp#27;[1;92m*****Place Order As Registered User is intialized****&amp#27;[0m
&amp#27;[1;95mTrying to find Element By : By.xpath: //select[@name='county']&amp#27;[0m
&amp#27;[1;95mFound Element By : By.xpath: //select[@name='county']&amp#27;[0m
&amp#27;[1;92m*****County dropdown is enabled****&amp#27;[0m
&amp#27;[1;95mTrying to find Element By : By.xpath: //select[@name='county']&amp#27;[0m
&amp#27;[1;95mFound Element By : By.xpath: //select[@name='county']&amp#27;[0m
&amp#27;[1;92m*****County dropdown is opened****&amp#27;[0m
&amp#27;[1;95mTrying to find Element By : By.xpath: //select[@name='county']&amp#27;[0m
&amp#27;[1;95mFound Element By : By.xpath: //select[@name='county']&amp#27;[0m
&amp#27;[1;95mTrying to find Element By : By.xpath: //select[@name='county']&amp#27;[0m
&amp#27;[1;95mFound Element By : By.xpath: //select[@name='county']&amp#27;[0m
&amp#27;[1;95mTrying to find Element By : By.xpath: //select[@name='county']&amp#27;[0m
&amp#27;[1;95mFound Element By : By.xpath: //select[@name='county']&amp#27;[0m
&amp#27;[1;95mTrying to find Element By : By.xpath: .//option[normalize-space(.) = "Dublin"]&amp#27;[0m
&amp#27;[1;95mFound Element By : By.xpath: .//option[normalize-space(.) = "Dublin"]&amp#27;[0m
&amp#27;[1;95mTrying to click on: [[[[ChromeDriver: chrome on XP (b84928c0f7aa08a4210b6bd0bc126e06)] -> xpath: //select[@name='county']]] -> xpath: .//option[normalize-space(.) = "Dublin"]]&amp#27;[0m
&amp#27;[1;95mClicked on: [[[[ChromeDriver: chrome on XP (b84928c0f7aa08a4210b6bd0bc126e06)] -> xpath: //select[@name='county']]] -> xpath: .//option[normalize-space(.) = "Dublin"]]&amp#27;[0m
&amp#27;[1;92m****County is selected****&amp#27;[0m
&amp#27;[1;95mTrying to find Element By : By.xpath: //select[@name='county']&amp#27;[0m
&amp#27;[1;95mFound Element By : By.xpath: //select[@name='county']&amp#27;[0m
&amp#27;[1;95mTrying to find Element By : By.tagName: option&amp#27;[0m
&amp#27;[1;95mFound Element By : By.tagName: option&amp#27;[0m
DUBLIN
&amp#27;[1;95mTrying to find Element By : By.xpath: //select[@name='oil_type']&amp#27;[0m
&amp#27;[1;95mFound Element By : By.xpath: //select[@name='oil_type']&amp#27;[0m
&amp#27;[1;95mTrying to find Element By : By.xpath: //select[@name='oil_type']&amp#27;[0m
&amp#27;[1;95mFound Element By : By.xpath: //select[@name='oil_type']&amp#27;[0m
&amp#27;[1;92m*****Oil Type dropdown is selected****&amp#27;[0m
&amp#27;[1;92m*****Scrolled down****&amp#27;[0m
&amp#27;[1;95mTrying to find Element By : By.xpath: //select[@name='oil_type']&amp#27;[0m
&amp#27;[1;95mFound Element By : By.xpath: //select[@name='oil_type']&amp#27;[0m
&amp#27;[1;95mTrying to find Element By : By.xpath: //select[@name='oil_type']&amp#27;[0m
&amp#27;[1;95mFound Element By : By.xpath: //select[@name='oil_type']&amp#27;[0m
&amp#27;[1;95mTrying to find Element By : By.xpath: //select[@name='oil_type']&amp#27;[0m
&amp#27;[1;95mFound Element By : By.xpath: //select[@name='oil_type']&amp#27;[0m
&amp#27;[1;95mTrying to find Element By : By.xpath: .//option[normalize-space(.) = "Kerosene"]&amp#27;[0m
&amp#27;[1;95mFound Element By : By.xpath: .//option[normalize-space(.) = "Kerosene"]&amp#27;[0m
&amp#27;[1;95mTrying to click on: [[[[ChromeDriver: chrome on XP (b84928c0f7aa08a4210b6bd0bc126e06)] -> xpath: //select[@name='oil_type']]] -> xpath: .//option[normalize-space(.) = "Kerosene"]]&amp#27;[0m
&amp#27;[1;95mClicked on: [[[[ChromeDriver: chrome on XP (b84928c0f7aa08a4210b6bd0bc126e06)] -> xpath: //select[@name='oil_type']]] -> xpath: .//option[normalize-space(.) = "Kerosene"]]&amp#27;[0m
&amp#27;[1;92m*****OilType is selected****&amp#27;[0m
&amp#27;[1;95mTrying to find Element By : By.xpath: //select[@name='oil_type']&amp#27;[0m
&amp#27;[1;95mFound Element By : By.xpath: //select[@name='oil_type']&amp#27;[0m
&amp#27;[1;95mTrying to find Element By : By.tagName: option&amp#27;[0m
&amp#27;[1;95mFound Element By : By.tagName: option&amp#27;[0m
KEROSENE
&amp#27;[1;95mTrying to find Element By : By.xpath: //select[@name='litres']&amp#27;[0m
&amp#27;[1;95mFound Element By : By.xpath: //select[@name='litres']&amp#27;[0m
&amp#27;[1;92m*****Litres dropdown is enabled****&amp#27;[0m
&amp#27;[1;95mTrying to find Element By : By.xpath: //select[@name='litres']&amp#27;[0m
&amp#27;[1;95mFound Element By : By.xpath: //select[@name='litres']&amp#27;[0m
&amp#27;[1;92m*****Litres dropdown is clicked****&amp#27;[0m
&amp#27;[1;95mTrying to find Element By : By.xpath: //select[@name='litres']&amp#27;[0m
&amp#27;[1;95mFound Element By : By.xpath: //select[@name='litres']&amp#27;[0m
&amp#27;[1;95mTrying to find Element By : By.xpath: //select[@name='litres']&amp#27;[0m
&amp#27;[1;95mFound Element By : By.xpath: //select[@name='litres']&amp#27;[0m
&amp#27;[1;95mTrying to find Element By : By.xpath: //select[@name='litres']&amp#27;[0m
&amp#27;[1;95mFound Element By : By.xpath: //select[@name='litres']&amp#27;[0m
&amp#27;[1;95mTrying to find Element By : By.xpath: .//option[normalize-space(.) = "300"]&amp#27;[0m
&amp#27;[1;95mFound Element By : By.xpath: .//option[normalize-space(.) = "300"]&amp#27;[0m
&amp#27;[1;95mTrying to click on: [[[[ChromeDriver: chrome on XP (b84928c0f7aa08a4210b6bd0bc126e06)] -> xpath: //select[@name='litres']]] -> xpath: .//option[normalize-space(.) = "300"]]&amp#27;[0m
&amp#27;[1;95mClicked on: [[[[ChromeDriver: chrome on XP (b84928c0f7aa08a4210b6bd0bc126e06)] -> xpath: //select[@name='litres']]] -> xpath: .//option[normalize-space(.) = "300"]]&amp#27;[0m
&amp#27;[1;92m*****Selected the option from dropdown****&amp#27;[0m
&amp#27;[1;95mTrying to find Element By : By.xpath: //select[@name='litres']&amp#27;[0m
&amp#27;[1;95mFound Element By : By.xpath: //select[@name='litres']&amp#27;[0m
&amp#27;[1;95mTrying to find Element By : By.tagName: option&amp#27;[0m
&amp#27;[1;95mFound Element By : By.tagName: option&amp#27;[0m
300
&amp#27;[1;95mTrying to find Element By : By.xpath: //input[@id='orderform-submit']&amp#27;[0m
&amp#27;[1;95mFound Element By : By.xpath: //input[@id='orderform-submit']&amp#27;[0m
&amp#27;[1;92m*****Clicked on Get Quote button****&amp#27;[0m
&amp#27;[1;92m*****Navigated to Order Page****&amp#27;[0m
&amp#27;[1;95mTrying to find Element By : By.xpath: //h2[@id='yourqoute-text']&amp#27;[0m
&amp#27;[1;95mFound Element By : By.xpath: //h2[@id='yourqoute-text']&amp#27;[0m
&amp#27;[1;92m*****Your Quote text value is captured****&amp#27;[0m
&amp#27;[1;92m*****Integer value from Your quote text is captured into an array****&amp#27;[0m
&amp#27;[1;95mTrying to find Element By : By.xpath: //input[@id='order-amount-field']&amp#27;[0m
&amp#27;[1;95mFound Element By : By.xpath: //input[@id='order-amount-field']&amp#27;[0m
&amp#27;[1;92m*****Camparing the order totals****&amp#27;[0m
&amp#27;[1;92m*****Validation method for county****&amp#27;[0m
&amp#27;[1;95mTrying to find Element By : By.xpath: //select [@id='order-county-field']&amp#27;[0m
&amp#27;[1;95mFound Element By : By.xpath: //select [@id='order-county-field']&amp#27;[0m
&amp#27;[1;95mTrying to find Element By : By.xpath: //select [@id='order-county-field']&amp#27;[0m
&amp#27;[1;95mFound Element By : By.xpath: //select [@id='order-county-field']&amp#27;[0m
&amp#27;[1;95mTrying to find Element By : By.xpath: //select [@id='order-county-field']&amp#27;[0m
&amp#27;[1;95mFound Element By : By.xpath: //select [@id='order-county-field']&amp#27;[0m
&amp#27;[1;95mTrying to find Element By : By.tagName: option&amp#27;[0m
&amp#27;[1;95mFound Element By : By.tagName: option&amp#27;[0m
&amp#27;[1;92m*****County is validated****&amp#27;[0m
&amp#27;[1;92m*****Oil type validation method****&amp#27;[0m
&amp#27;[1;95mTrying to find Element By : By.xpath: //select [@id='order-fueltype']&amp#27;[0m
&amp#27;[1;95mFound Element By : By.xpath: //select [@id='order-fueltype']&amp#27;[0m
&amp#27;[1;95mTrying to find Element By : By.xpath: //select [@id='order-fueltype']&amp#27;[0m
&amp#27;[1;95mFound Element By : By.xpath: //select [@id='order-fueltype']&amp#27;[0m
&amp#27;[1;95mTrying to find Element By : By.xpath: //select [@id='order-fueltype']&amp#27;[0m
&amp#27;[1;95mFound Element By : By.xpath: //select [@id='order-fueltype']&amp#27;[0m
&amp#27;[1;95mTrying to find Element By : By.tagName: option&amp#27;[0m
&amp#27;[1;95mFound Element By : By.tagName: option&amp#27;[0m
&amp#27;[1;92m*****Oil type is validated****&amp#27;[0m
&amp#27;[1;92m*****Quantity validation method****&amp#27;[0m
&amp#27;[1;95mTrying to find Element By : By.xpath: //input[@id='order-quantity-field']&amp#27;[0m
&amp#27;[1;95mFound Element By : By.xpath: //input[@id='order-quantity-field']&amp#27;[0m
&amp#27;[1;92m*****Quantity field is validated****&amp#27;[0m
&amp#27;[1;95mTrying to find Element By : By.xpath: //input[@type='submit'][@value='ORDER NOW']&amp#27;[0m
&amp#27;[1;95mFound Element By : By.xpath: //input[@type='submit'][@value='ORDER NOW']&amp#27;[0m
&amp#27;[1;95mTrying to click on: [[ChromeDriver: chrome on XP (b84928c0f7aa08a4210b6bd0bc126e06)] -> xpath: //input[@type='submit'][@value='ORDER NOW']]&amp#27;[0m
&amp#27;[1;95mClicked on: [[ChromeDriver: chrome on XP (b84928c0f7aa08a4210b6bd0bc126e06)] -> xpath: //input[@type='submit'][@value='ORDER NOW']]&amp#27;[0m
&amp#27;[1;92m*****Clicked on order now button redirects to Login and Register page****&amp#27;[0m
&amp#27;[1;95mTrying to find Element By : By.xpath: //a[@class='button white']&amp#27;[0m
&amp#27;[1;95mFound Element By : By.xpath: //a[@class='button white']&amp#27;[0m
&amp#27;[1;95mTrying to click on: [[ChromeDriver: chrome on XP (b84928c0f7aa08a4210b6bd0bc126e06)] -> xpath: //a[@class='button white']]&amp#27;[0m
&amp#27;[1;95mClicked on: [[ChromeDriver: chrome on XP (b84928c0f7aa08a4210b6bd0bc126e06)] -> xpath: //a[@class='button white']]&amp#27;[0m
&amp#27;[1;92m*****Cliked on Register now button redirects to checkout page****&amp#27;[0m
&amp#27;[1;92m*****Place Order As Registered User is intialized****&amp#27;[0m
&amp#27;[1;92m*****Enter the email and validate the user and popup displays for existing user to login****&amp#27;[0m
&amp#27;[1;95mTrying to find Element By : By.xpath: //input[@name='billing_email']&amp#27;[0m
&amp#27;[1;95mFound Element By : By.xpath: //input[@name='billing_email']&amp#27;[0m
&amp#27;[1;95mTrying to find Element By : By.xpath: //input[@name='billing_email']&amp#27;[0m
&amp#27;[1;95mFound Element By : By.xpath: //input[@name='billing_email']&amp#27;[0m
&amp#27;[1;95mTrying to find Element By : By.xpath: //div[@class='woo-login-popup-sc-left']//div[@id='woo-login-popup-sc-login']//form//p[1]//input[@name='username']&amp#27;[0m
&amp#27;[1;91mException occured: org.openqa.selenium.NoSuchElementException: no such element: Unable to locate element: {"method":"xpath","selector":"//div[@class='woo-login-popup-sc-left']//div[@id='woo-login-popup-sc-login']//form//p[1]//input[@name='username']"}
  (Session info: chrome=76.0.3809.132)
For documentation on this error, please visit: http://seleniumhq.org/exceptions/no_such_element.html
Build info: version: '3.14.0', revision: 'aacccce0', time: '2018-08-02T20:19:58.91Z'
System info: host: 'DESKTOP-AL9GHFP', ip: '10.0.75.1', os.name: 'Windows 10', os.arch: 'amd64', os.version: '10.0', java.version: '1.8.0_221'
Driver info: org.openqa.selenium.chrome.ChromeDriver
Capabilities {acceptInsecureCerts: false, browserName: chrome, browserVersion: 76.0.3809.132, chrome: {chromedriverVersion: 75.0.3770.90 (a6dcaf7e3ec6f..., userDataDir: C:\Users\dell\AppData\Local...}, goog:chromeOptions: {debuggerAddress: localhost:56657}, javascriptEnabled: true, networkConnectionEnabled: false, pageLoadStrategy: normal, platform: XP, platformName: XP, proxy: Proxy(), setWindowRect: true, strictFileInteractability: false, timeouts: {implicit: 0, pageLoad: 300000, script: 30000}, unhandledPromptBehavior: dismiss and notify}
Session ID: b84928c0f7aa08a4210b6bd0bc126e06
*** Element info: {Using=xpath, value=//div[@class='woo-login-popup-sc-left']//div[@id='woo-login-popup-sc-login']//form//p[1]//input[@name='username']}&amp#27;[0m
&amp#27;[1;91mTook Screenshot of error  &amp#27;[0m
&amp#27;[4;31mI am in onTestFailure method ToPlaceAnOrderAsRegisteredUser failed&amp#27;[0m
&amp#27;[1;91mScreenshot captured for test case:ToPlaceAnOrderAsRegisteredUser&amp#27;[0m
&amp#27;[4;31mI am in onTestFailure method ToPlaceAnOrderAsRegisteredUser failed&amp#27;[0m
&amp#27;[1;91mScreenshot captured for test case:ToPlaceAnOrderAsRegisteredUser&amp#27;[0m
09-11-2019 12:26:43 AllureLifecycle.java ERROR [main] allure.AllureLifecycle 609 - Could not add attachment: no test is running
09-11-2019 12:26:43 AllureLifecycle.java ERROR [main] allure.AllureLifecycle 609 - Could not add attachment: no test is running
]]></system-out>
    <system-err><![CDATA[Starting ChromeDriver 75.0.3770.90 (a6dcaf7e3ec6f70a194cc25e8149475c6590e025-refs/branch-heads/3770@{#1003}) on port 2726
Only local connections are allowed.
Please protect ports used by ChromeDriver and related test frameworks to prevent access by malicious code.
[1568184944.528][WARNING]: This version of ChromeDriver has not been tested with Chrome version 76.
[1568184944.627][WARNING]: This version of ChromeDriver has not been tested with Chrome version 76.
Sep 11, 2019 12:25:46 PM org.openqa.selenium.remote.ProtocolHandshake createSession
INFO: Detected dialect: W3C
]]></system-err>
  </testcase>
</testsuite>