<?xml version="1.0" encoding="UTF-8"?>
<testng-results skipped="0" failed="0" ignored="0" total="2" passed="2">
  <reporter-output>
  </reporter-output>
  <suite name="Default suite" duration-ms="460611" started-at="2019-09-09T15:05:41Z" finished-at="2019-09-09T15:13:22Z">
    <groups>
    </groups>
    <test name="Default test" duration-ms="460611" started-at="2019-09-09T15:05:41Z" finished-at="2019-09-09T15:13:22Z">
      <class name="com.campus.qa.testcases.PlaceOrderAsRegisteredUserTest">
        <test-method status="PASS" signature="setUp()[pri:0, instance:com.campus.qa.testcases.PlaceOrderAsRegisteredUserTest@7880cdf3]" name="setUp" is-config="true" duration-ms="22896" started-at="2019-09-09T20:35:42Z" finished-at="2019-09-09T20:36:05Z">
          <reporter-output>
          </reporter-output>
        </test-method> <!-- setUp -->
        <test-method status="PASS" signature="ToPlaceOrderAsUnRegisteredUserTest(java.lang.String, java.lang.String, java.lang.String)[pri:1, instance:com.campus.qa.testcases.PlaceOrderAsRegisteredUserTest@7880cdf3]" name="ToPlaceOrderAsUnRegisteredUserTest" duration-ms="214815" started-at="2019-09-09T20:36:05Z" description="Verifying the unregistered user to place the order" data-provider="getYourDetailsData" finished-at="2019-09-09T20:39:40Z">
          <params>
            <param index="0">
              <value>
                <![CDATA[mr]]>
              </value>
            </param>
            <param index="1">
              <value>
                <![CDATA[91-12345678]]>
              </value>
            </param>
            <param index="2">
              <value>
                <![CDATA[040-123456]]>
              </value>
            </param>
          </params>
          <reporter-output>
          </reporter-output>
        </test-method> <!-- ToPlaceOrderAsUnRegisteredUserTest -->
        <test-method status="PASS" signature="tearDown()[pri:0, instance:com.campus.qa.testcases.PlaceOrderAsRegisteredUserTest@7880cdf3]" name="tearDown" is-config="true" duration-ms="940" started-at="2019-09-09T20:39:40Z" finished-at="2019-09-09T20:39:41Z">
          <reporter-output>
          </reporter-output>
        </test-method> <!-- tearDown -->
        <test-method status="PASS" signature="setUp()[pri:0, instance:com.campus.qa.testcases.PlaceOrderAsRegisteredUserTest@7880cdf3]" name="setUp" is-config="true" duration-ms="10416" started-at="2019-09-09T20:39:41Z" finished-at="2019-09-09T20:39:51Z">
          <reporter-output>
          </reporter-output>
        </test-method> <!-- setUp -->
        <test-method status="PASS" signature="ToPlaceAnOrderAsRegisteredUser(java.lang.String, java.lang.String, java.lang.String)[pri:2, instance:com.campus.qa.testcases.PlaceOrderAsRegisteredUserTest@7880cdf3]" name="ToPlaceAnOrderAsRegisteredUser" duration-ms="209505" started-at="2019-09-09T20:39:51Z" description="Verifying the registered user to place the order" data-provider="getYourDetailsData" finished-at="2019-09-09T20:43:21Z">
          <params>
            <param index="0">
              <value>
                <![CDATA[mr]]>
              </value>
            </param>
            <param index="1">
              <value>
                <![CDATA[91-12345678]]>
              </value>
            </param>
            <param index="2">
              <value>
                <![CDATA[040-123456]]>
              </value>
            </param>
          </params>
          <reporter-output>
          </reporter-output>
        </test-method> <!-- ToPlaceAnOrderAsRegisteredUser -->
        <test-method status="PASS" signature="tearDown()[pri:0, instance:com.campus.qa.testcases.PlaceOrderAsRegisteredUserTest@7880cdf3]" name="tearDown" is-config="true" duration-ms="832" started-at="2019-09-09T20:43:21Z" finished-at="2019-09-09T20:43:22Z">
          <reporter-output>
          </reporter-output>
        </test-method> <!-- tearDown -->
      </class> <!-- com.campus.qa.testcases.PlaceOrderAsRegisteredUserTest -->
    </test> <!-- Default test -->
  </suite> <!-- Default suite -->
</testng-results>
