<?xml version="1.0" encoding="UTF-8"?>
<!-- Generated by org.testng.reporters.JUnitXMLReporter -->
<testsuite hostname="DESKTOP-AL9GHFP" ignored="0" name="Automated Test Run" tests="4" failures="1" timestamp="09 Sep 2019 14:59:35 GMT" time="0.571" errors="0">
  <testcase name="@AfterMethod tearDown" time="0.0" classname="com.campus.qa.testcases.LoginPageTest">
    <failure type="java.lang.NullPointerException">
      <![CDATA[java.lang.NullPointerException
	at com.campus.qa.testcases.LoginPageTest.tearDown(LoginPageTest.java:84)
... Removed 27 stack frames]]>
    </failure>
  </testcase> <!-- @AfterMethod tearDown -->
  <testcase name="@BeforeMethod setUp" time="0.0" classname="com.campus.qa.testcases.LoginPageTest">
    <skipped/>
  </testcase> <!-- @BeforeMethod setUp -->
  <testcase name="@AfterMethod tearDown" time="0.0" classname="com.campus.qa.testcases.LoginPageTest">
    <skipped/>
  </testcase> <!-- @AfterMethod tearDown -->
  <testcase name="@BeforeMethod setUp" time="0.0" classname="com.campus.qa.testcases.LoginPageTest">
    <skipped/>
  </testcase> <!-- @BeforeMethod setUp -->
  <testcase name="@AfterMethod tearDown" time="0.0" classname="com.campus.qa.testcases.LoginPageTest">
    <skipped/>
  </testcase> <!-- @AfterMethod tearDown -->
  <testcase name="@BeforeMethod setUp" time="0.0" classname="com.campus.qa.testcases.LoginPageTest">
    <skipped/>
  </testcase> <!-- @BeforeMethod setUp -->
  <testcase name="@AfterMethod tearDown" time="0.0" classname="com.campus.qa.testcases.LoginPageTest">
    <skipped/>
  </testcase> <!-- @AfterMethod tearDown -->
  <testcase name="VerifyloginPageTitleTest" time="0.151" classname="com.campus.qa.testcases.LoginPageTest">
    <failure type="java.lang.NullPointerException">
      <![CDATA[java.lang.NullPointerException
	at com.campusOil.qa.pages.LoginPage.validateloginpageTitle(LoginPage.java:42)
	at com.campus.qa.testcases.LoginPageTest.VerifyloginPageTitleTest(LoginPageTest.java:52)
... Removed 25 stack frames]]>
    </failure>
  </testcase> <!-- VerifyloginPageTitleTest -->
  <testcase name="VerifycampusLogoTest" time="0.01" classname="com.campus.qa.testcases.LoginPageTest">
    <skipped/>
  </testcase> <!-- VerifycampusLogoTest -->
  <testcase name="VerifyclickLoginnowTest" time="0.008" classname="com.campus.qa.testcases.LoginPageTest">
    <skipped/>
  </testcase> <!-- VerifyclickLoginnowTest -->
  <testcase name="VerifyloginTest" time="0.007" classname="com.campus.qa.testcases.LoginPageTest">
    <skipped/>
  </testcase> <!-- VerifyloginTest -->
</testsuite> <!-- Automated Test Run -->
