<?xml version="1.0" encoding="UTF-8"?>
<!-- Generated by org.testng.reporters.JUnitXMLReporter -->
<testsuite hostname="DESKTOP-AL9GHFP" ignored="0" name="Automated Test Run" tests="2" failures="0" timestamp="04 Sep 2019 07:39:19 GMT" time="457.607" errors="0">
  <testcase name="ToPlaceOrderAsUnRegisteredUserTest" time="216.478" classname="com.campus.qa.testcases.PlaceOrderAsRegisteredUserTest"/>
  <testcase name="ToPlaceAnOrderAsRegisteredUser" time="214.373" classname="com.campus.qa.testcases.PlaceOrderAsRegisteredUserTest"/>
</testsuite> <!-- Automated Test Run -->
